<?xml version="1.0" encoding="UTF-8"?>
<testsuite name="features.TestRunner" time="1.036" tests="26" errors="0" skipped="0" failures="0">
  <properties>
    <property name="java.runtime.name" value="Java(TM) SE Runtime Environment"/>
    <property name="sun.boot.library.path" value="/Library/Java/JavaVirtualMachines/jdk1.8.0_131.jdk/Contents/Home/jre/lib"/>
    <property name="java.vm.version" value="25.131-b11"/>
    <property name="user.country.format" value="GB"/>
    <property name="gopherProxySet" value="false"/>
    <property name="java.vm.vendor" value="Oracle Corporation"/>
    <property name="maven.multiModuleProjectDirectory" value="/Users/RaviK/Documents/Workspace/RSTest"/>
    <property name="java.vendor.url" value="http://java.oracle.com/"/>
    <property name="path.separator" value=":"/>
    <property name="guice.disable.misplaced.annotation.check" value="true"/>
    <property name="java.vm.name" value="Java HotSpot(TM) 64-Bit Server VM"/>
    <property name="file.encoding.pkg" value="sun.io"/>
    <property name="user.country" value="US"/>
    <property name="sun.java.launcher" value="SUN_STANDARD"/>
    <property name="sun.os.patch.level" value="unknown"/>
    <property name="java.vm.specification.name" value="Java Virtual Machine Specification"/>
    <property name="user.dir" value="/Users/RaviK/Documents/Workspace/RSTest"/>
    <property name="java.runtime.version" value="1.8.0_131-b11"/>
    <property name="java.awt.graphicsenv" value="sun.awt.CGraphicsEnvironment"/>
    <property name="java.endorsed.dirs" value="/Library/Java/JavaVirtualMachines/jdk1.8.0_131.jdk/Contents/Home/jre/lib/endorsed"/>
    <property name="os.arch" value="x86_64"/>
    <property name="java.io.tmpdir" value="/var/folders/v0/h30flzjs3nv456htcfk74p0m0000gp/T/"/>
    <property name="line.separator" value="&#10;"/>
    <property name="java.vm.specification.vendor" value="Oracle Corporation"/>
    <property name="os.name" value="Mac OS X"/>
    <property name="classworlds.conf" value="/usr/local/Cellar/maven/3.5.0/libexec/bin/m2.conf"/>
    <property name="sun.jnu.encoding" value="UTF-8"/>
    <property name="java.library.path" value="/Users/RaviK/Library/Java/Extensions:/Library/Java/Extensions:/Network/Library/Java/Extensions:/System/Library/Java/Extensions:/usr/lib/java:."/>
    <property name="maven.conf" value="/usr/local/Cellar/maven/3.5.0/libexec/conf"/>
    <property name="java.specification.name" value="Java Platform API Specification"/>
    <property name="java.class.version" value="52.0"/>
    <property name="sun.management.compiler" value="HotSpot 64-Bit Tiered Compilers"/>
    <property name="os.version" value="10.11.6"/>
    <property name="library.jansi.path" value="/usr/local/Cellar/maven/3.5.0/libexec/lib/jansi-native/osx64"/>
    <property name="http.nonProxyHosts" value="local|*.local|169.254/16|*.169.254/16"/>
    <property name="user.home" value="/Users/RaviK"/>
    <property name="user.timezone" value="Europe/London"/>
    <property name="java.awt.printerjob" value="sun.lwawt.macosx.CPrinterJob"/>
    <property name="java.specification.version" value="1.8"/>
    <property name="file.encoding" value="UTF-8"/>
    <property name="user.name" value="RaviK"/>
    <property name="java.class.path" value="/usr/local/Cellar/maven/3.5.0/libexec/boot/plexus-classworlds-2.5.2.jar"/>
    <property name="java.vm.specification.version" value="1.8"/>
    <property name="sun.arch.data.model" value="64"/>
    <property name="java.home" value="/Library/Java/JavaVirtualMachines/jdk1.8.0_131.jdk/Contents/Home/jre"/>
    <property name="sun.java.command" value="org.codehaus.plexus.classworlds.launcher.Launcher clean test"/>
    <property name="java.specification.vendor" value="Oracle Corporation"/>
    <property name="user.language" value="en"/>
    <property name="awt.toolkit" value="sun.lwawt.macosx.LWCToolkit"/>
    <property name="java.vm.info" value="mixed mode"/>
    <property name="java.version" value="1.8.0_131"/>
    <property name="java.ext.dirs" value="/Users/RaviK/Library/Java/Extensions:/Library/Java/JavaVirtualMachines/jdk1.8.0_131.jdk/Contents/Home/jre/lib/ext:/Library/Java/Extensions:/Network/Library/Java/Extensions:/System/Library/Java/Extensions:/usr/lib/java"/>
    <property name="sun.boot.class.path" value="/Library/Java/JavaVirtualMachines/jdk1.8.0_131.jdk/Contents/Home/jre/lib/resources.jar:/Library/Java/JavaVirtualMachines/jdk1.8.0_131.jdk/Contents/Home/jre/lib/rt.jar:/Library/Java/JavaVirtualMachines/jdk1.8.0_131.jdk/Contents/Home/jre/lib/sunrsasign.jar:/Library/Java/JavaVirtualMachines/jdk1.8.0_131.jdk/Contents/Home/jre/lib/jsse.jar:/Library/Java/JavaVirtualMachines/jdk1.8.0_131.jdk/Contents/Home/jre/lib/jce.jar:/Library/Java/JavaVirtualMachines/jdk1.8.0_131.jdk/Contents/Home/jre/lib/charsets.jar:/Library/Java/JavaVirtualMachines/jdk1.8.0_131.jdk/Contents/Home/jre/lib/jfr.jar:/Library/Java/JavaVirtualMachines/jdk1.8.0_131.jdk/Contents/Home/jre/classes"/>
    <property name="java.vendor" value="Oracle Corporation"/>
    <property name="maven.home" value="/usr/local/Cellar/maven/3.5.0/libexec"/>
    <property name="file.separator" value="/"/>
    <property name="java.vendor.url.bug" value="http://bugreport.sun.com/bugreport/"/>
    <property name="sun.cpu.endian" value="little"/>
    <property name="sun.io.unicode.encoding" value="UnicodeBig"/>
    <property name="socksNonProxyHosts" value="local|*.local|169.254/16|*.169.254/16"/>
    <property name="ftp.nonProxyHosts" value="local|*.local|169.254/16|*.169.254/16"/>
    <property name="sun.cpu.isalist" value=""/>
  </properties>
  <testcase name="Given User open RS component website." classname="Scenario: Verify End 2 End flow with one Product" time="0.003"/>
  <testcase name="When Enter a valid item &quot;Digital Thermometers&quot; into search field." classname="Scenario: Verify End 2 End flow with one Product" time="0"/>
  <testcase name="And Select Brand filter &amp; sub filter and Click Apply." classname="Scenario: Verify End 2 End flow with one Product" time="0"/>
  <testcase name="And Enter Product Quantity &quot;1&quot; and click Add product." classname="Scenario: Verify End 2 End flow with one Product" time="0"/>
  <testcase name="Then Verify Product &quot;Digital Thermometer&quot; under checkout Page." classname="Scenario: Verify End 2 End flow with one Product" time="0"/>
  <testcase name="Scenario: Verify End 2 End flow with one Product" classname="Scenario: Verify End 2 End flow with one Product" time="0.193"/>
  <testcase name="Given User open RS component website." classname="Scenario: Verify End 2 End flow with Multiple Filter &amp; Multiple Products" time="0"/>
  <testcase name="When Enter a valid item &quot;Digital Thermometers&quot; into search field." classname="Scenario: Verify End 2 End flow with Multiple Filter &amp; Multiple Products" time="0"/>
  <testcase name="And Select Multiple filter &amp; sub filter and Click Apply." classname="Scenario: Verify End 2 End flow with Multiple Filter &amp; Multiple Products" time="0"/>
  <testcase name="And Select Two Product with Quantity &quot;1&quot; each and click Add product." classname="Scenario: Verify End 2 End flow with Multiple Filter &amp; Multiple Products" time="0"/>
  <testcase name="Then Verify Product &quot;Digital Thermometer&quot; under checkout Page." classname="Scenario: Verify End 2 End flow with Multiple Filter &amp; Multiple Products" time="0"/>
  <testcase name="Scenario: Verify End 2 End flow with Multiple Filter &amp; Multiple Products" classname="Scenario: Verify End 2 End flow with Multiple Filter &amp; Multiple Products" time="0.164"/>
  <testcase name="Given User open RS component website." classname="Scenario: Verify the Search criteria with valid Product Digital Thermometers without login to application" time="0"/>
  <testcase name="When Enter a valid item &quot;Digital Thermometers&quot; into search field." classname="Scenario: Verify the Search criteria with valid Product Digital Thermometers without login to application" time="0"/>
  <testcase name="Then Verify search item &quot;Digital Thermometers&quot; in search result section." classname="Scenario: Verify the Search criteria with valid Product Digital Thermometers without login to application" time="0"/>
  <testcase name="And Verify Result product page should contain atleast one result record." classname="Scenario: Verify the Search criteria with valid Product Digital Thermometers without login to application" time="0"/>
  <testcase name="Scenario: Verify the Search criteria with valid Product Digital Thermometers without login to application" classname="Scenario: Verify the Search criteria with valid Product Digital Thermometers without login to application" time="0.131"/>
  <testcase name="Given User open RS component website." classname="Scenario: Verify the Search criteria with invalid product Digital Thermometers item" time="0"/>
  <testcase name="When Enter a valid item &quot;Cricket Bat&quot; into search field." classname="Scenario: Verify the Search criteria with invalid product Digital Thermometers item" time="0"/>
  <testcase name="Then Verify zero search result &quot;We couldn&apos;t find any results for &apos;Cricket Bat&apos;&quot; in search result section." classname="Scenario: Verify the Search criteria with invalid product Digital Thermometers item" time="0"/>
  <testcase name="Scenario: Verify the Search criteria with invalid product Digital Thermometers item" classname="Scenario: Verify the Search criteria with invalid product Digital Thermometers item" time="0.255"/>
  <testcase name="Given User open RS component website." classname="Scenario: Verify Result product after Apply filter on Search criteria" time="0"/>
  <testcase name="When Enter a valid item &quot;Digital Thermometers &quot; into search field." classname="Scenario: Verify Result product after Apply filter on Search criteria" time="0"/>
  <testcase name="And Select Brand filter &amp; sub filter and Click Apply." classname="Scenario: Verify Result product after Apply filter on Search criteria" time="0"/>
  <testcase name="Then Verify Result product page should contain atleast one result record." classname="Scenario: Verify Result product after Apply filter on Search criteria" time="0"/>
  <testcase name="Scenario: Verify Result product after Apply filter on Search criteria" classname="Scenario: Verify Result product after Apply filter on Search criteria" time="0.29"/>
</testsuite>